<?xml version="1.0" encoding="UTF-8"?>
<!-- Generated by org.testng.reporters.JUnitReportReporter -->
<testsuite skipped="0" hostname="DESKTOP-VEVC5H6" name="Package.ClickAndBoom_Administration" tests="12" failures="0" timestamp="2020-04-27T13:20:01 IST" time="126.667" errors="0">
  <testcase name="LogInPageTest" time="53.901" classname="Package.ClickAndBoom_Administration"/>
  <testcase name="GeofencePageTest" time="5.556" classname="Package.ClickAndBoom_Administration"/>
  <testcase name="HardwareProfilePageTest" time="6.515" classname="Package.ClickAndBoom_Administration"/>
  <testcase name="DVITextMessagesPageTest" time="6.362" classname="Package.ClickAndBoom_Administration"/>
  <testcase name="DVIPhonenumbersPageTest" time="8.223" classname="Package.ClickAndBoom_Administration"/>
  <testcase name="OverdueNotificationPageTest" time="6.479" classname="Package.ClickAndBoom_Administration"/>
  <testcase name="ReportingRegionPageTest" time="6.484" classname="Package.ClickAndBoom_Administration"/>
  <testcase name="SecuritySettingsPageTest" time="6.661" classname="Package.ClickAndBoom_Administration"/>
  <testcase name="AssetEncryptionPageTest" time="6.686" classname="Package.ClickAndBoom_Administration"/>
  <testcase name="FlightFollowingSettingsPageTest" time="6.672" classname="Package.ClickAndBoom_Administration"/>
  <testcase name="VoiceMessagingConfigurationPageTest" time="6.643" classname="Package.ClickAndBoom_Administration"/>
  <testcase name="HodNotificationPageTest" time="6.485" classname="Package.ClickAndBoom_Administration"/>
</testsuite> <!-- Package.ClickAndBoom_Administration -->
