<?xml version="1.0" encoding="UTF-8"?>
<!-- Generated by org.testng.reporters.JUnitReportReporter -->
<testsuite skipped="0" hostname="DESKTOP-VEVC5H6" name="Package.ClickAndBoom_Administration" tests="8" failures="0" timestamp="2020-04-14T13:14:13 IST" time="87.017" errors="0">
  <testcase name="LogInPageTest" time="38.544" classname="Package.ClickAndBoom_Administration"/>
  <testcase name="GeofencePageTest" time="7.722" classname="Package.ClickAndBoom_Administration"/>
  <testcase name="HardwareProfilePageTest" time="6.493" classname="Package.ClickAndBoom_Administration"/>
  <testcase name="DVITextMessagesPageTest" time="6.638" classname="Package.ClickAndBoom_Administration"/>
  <testcase name="DVIPhonenumbersPageTest" time="6.569" classname="Package.ClickAndBoom_Administration"/>
  <testcase name="OverdueNotificationPageTest" time="6.587" classname="Package.ClickAndBoom_Administration"/>
  <testcase name="ReportingRegionPageTest" time="6.773" classname="Package.ClickAndBoom_Administration"/>
  <testcase name="SecuritySettingsPageTest" time="7.691" classname="Package.ClickAndBoom_Administration"/>
</testsuite> <!-- Package.ClickAndBoom_Administration -->
